#
# A fatal error has been detected by the Java Runtime Environment:
#
#  Internal Error (javaClasses.cpp:136), pid=5164, tid=6060
#  fatal error: Invalid layout of preloaded class
#
# JRE version:  (7.0_51-b13) (build )
# Java VM: Java HotSpot(TM) Client VM (24.51-b03 mixed mode windows-x86 )
# Failed to write core dump. Minidumps are not enabled by default on client versions of Windows
#
# If you would like to submit a bug report, please visit:
#   http://bugreport.sun.com/bugreport/crash.jsp
#

---------------  T H R E A D  ---------------

Current thread (0x00ccbc00):  JavaThread "Unknown thread" [_thread_in_vm, id=6060, stack(0x00c40000,0x00c90000)]

Stack: [0x00c40000,0x00c90000],  sp=0x00c8f860,  free space=318k
Native frames: (J=compiled Java code, j=interpreted, Vv=VM code, C=native code)
V  [jvm.dll+0x18e0f1]
V  [jvm.dll+0x187e66]
V  [jvm.dll+0x3586a]
V  [jvm.dll+0x358f6]
V  [jvm.dll+0x4400d]
V  [jvm.dll+0x442be]
V  [jvm.dll+0x9263a]
V  [jvm.dll+0x929eb]
V  [jvm.dll+0x13dc51]
V  [jvm.dll+0x16076c]
V  [jvm.dll+0xc8ebf]
C  [javaw.exe+0x13ce]
C  [javaw.exe+0x1e40]
C  [javaw.exe+0xa5b1]
C  [javaw.exe+0xa63b]
C  [kernel32.dll+0x4d3c9]
C  [ntdll.dll+0x41603]
C  [ntdll.dll+0x415d6]


---------------  P R O C E S S  ---------------

Java Threads: ( => current thread )

Other Threads:

=>0x00ccbc00 (exited) JavaThread "Unknown thread" [_thread_in_vm, id=6060, stack(0x00c40000,0x00c90000)]

VM state:not at safepoint (not fully initialized)

VM Mutex/Monitor currently owned by a thread: None

GC Heap History (0 events):
No events

Deoptimization events (0 events):
No events

Internal exceptions (0 events):
No events

Events (10 events):
Event: 0.502 loading class 0x0192bef8 done
Event: 0.502 loading class 0x0192b988 done
Event: 0.502 loading class 0x0192b968
Event: 0.503 loading class 0x01932c90
Event: 0.530 loading class 0x01932c90 done
Event: 0.530 loading class 0x01932cc0
Event: 0.530 loading class 0x01932cc0 done
Event: 0.530 loading class 0x01932cf0
Event: 0.530 loading class 0x01932cf0 done
Event: 0.530 loading class 0x0192b968 done


Dynamic libraries:
0x00cd0000 - 0x00cff000 	C:\Program Files\Java\jre7\bin\javaw.exe
0x77800000 - 0x77928000 	C:\Windows\system32\ntdll.dll
0x77720000 - 0x777fd000 	C:\Windows\system32\kernel32.dll
0x75ec0000 - 0x75f86000 	C:\Windows\system32\ADVAPI32.dll
0x77580000 - 0x77642000 	C:\Windows\system32\RPCRT4.dll
0x77320000 - 0x773bd000 	C:\Windows\system32\USER32.dll
0x774a0000 - 0x774ec000 	C:\Windows\system32\GDI32.dll
0x74c80000 - 0x74e1e000 	C:\Windows\WinSxS\x86_microsoft.windows.common-controls_6595b64144ccf1df_6.0.6002.18305_none_5cb72f2a088b0ed3\COMCTL32.dll
0x779b0000 - 0x77a5a000 	C:\Windows\system32\msvcrt.dll
0x77950000 - 0x779a9000 	C:\Windows\system32\SHLWAPI.dll
0x76f20000 - 0x76f3e000 	C:\Windows\system32\IMM32.DLL
0x77650000 - 0x77718000 	C:\Windows\system32\MSCTF.dll
0x76ab0000 - 0x76ab9000 	C:\Windows\system32\LPK.DLL
0x77220000 - 0x7729d000 	C:\Windows\system32\USP10.dll
0x76ef0000 - 0x76f1d000 	C:\Windows\system32\WS2_32.dll
0x77930000 - 0x77936000 	C:\Windows\system32\NSI.dll
0x75d20000 - 0x75d41000 	C:\Windows\system32\NTMARTA.DLL
0x773c0000 - 0x77409000 	C:\Windows\system32\WLDAP32.dll
0x75e20000 - 0x75e27000 	C:\Windows\system32\PSAPI.DLL
0x75d00000 - 0x75d11000 	C:\Windows\system32\SAMLIB.dll
0x770d0000 - 0x77215000 	C:\Windows\system32\ole32.dll
0x635c0000 - 0x6367f000 	C:\Program Files\Java\jre7\bin\msvcr100.dll
0x67fa0000 - 0x68320000 	C:\Program Files\Java\jre7\bin\client\jvm.dll
0x6f350000 - 0x6f357000 	C:\Windows\system32\WSOCK32.dll
0x73d20000 - 0x73d52000 	C:\Windows\system32\WINMM.dll
0x774f0000 - 0x7757d000 	C:\Windows\system32\OLEAUT32.dll
0x73ce0000 - 0x73d1e000 	C:\Windows\system32\OLEACC.dll
0x6bcb0000 - 0x6bcbc000 	C:\Program Files\Java\jre7\bin\verify.dll
0x6b5a0000 - 0x6b5c0000 	C:\Program Files\Java\jre7\bin\java.dll
0x64050000 - 0x6407a000 	C:\Program Files\Java\jre7\bin\jdwp.dll
0x67e40000 - 0x67e47000 	C:\Program Files\Java\jre7\bin\npt.dll
0x69e40000 - 0x69e53000 	C:\Program Files\Java\jre7\bin\zip.dll
0x71f30000 - 0x7200c000 	C:\Windows\system32\dbghelp.dll

VM Arguments:
jvm_args: -agentlib:jdwp=transport=dt_socket,suspend=y,address=localhost:49304 -Dfile.encoding=Cp1252 -Xbootclasspath:C:\Users\daniel\adk\adt-bundle-windows-x86-20130522\sdk\platforms\android-19\android.jar 
java_command: com.gosylvester.higginsbarthow.MuteService
Launcher Type: SUN_STANDARD

Environment Variables:
PATH=C:/Program Files/Java/jre7/bin/client;C:/Program Files/Java/jre7/bin;C:/Program Files/Java/jre7/lib/i386;C:\Windows\system32;C:\Windows;C:\Windows\System32\Wbem;C:\Program Files\ATI Technologies\ATI.ACE\Core-Static;C:\Windows\System32\WindowsPowerShell\v1.0\;C:\Program Files\Microsoft\Web Platform Installer\;C:\Windows\system32;
USERNAME=daniel
OS=Windows_NT
PROCESSOR_IDENTIFIER=x86 Family 17 Model 3 Stepping 1, AuthenticAMD



---------------  S Y S T E M  ---------------

OS: Windows Vista Build 6002 Service Pack 2

CPU:total 2 (2 cores per cpu, 1 threads per core) family 17 model 3 stepping 1, cmov, cx8, fxsr, mmx, sse, sse2, sse3, mmxext, 3dnowpref, tsc, tscinvbit

Memory: 4k page, physical 1832036k(145864k free), swap 3922644k(1922752k free)

vm_info: Java HotSpot(TM) Client VM (24.51-b03) for windows-x86 JRE (1.7.0_51-b13), built on Dec 18 2013 19:09:58 by "java_re" with unknown MS VC++:1600

time: Thu Apr 10 15:49:23 2014
elapsed time: 0 seconds

